Determining if the pthread_create exist failed with the following output:
Change Dir: /home/wolf/nycu_ncrl/AprilTag_Localization/build/CMakeFiles/CMakeTmp

Run Build Command:"/usr/bin/make" "cmTC_f677e/fast"
/usr/bin/make -f CMakeFiles/cmTC_f677e.dir/build.make CMakeFiles/cmTC_f677e.dir/build
make[1]: Entering directory '/home/wolf/nycu_ncrl/AprilTag_Localization/build/CMakeFiles/CMakeTmp'
Building C object CMakeFiles/cmTC_f677e.dir/CheckSymbolExists.c.o
/usr/bin/cc    -o CMakeFiles/cmTC_f677e.dir/CheckSymbolExists.c.o   -c /home/wolf/nycu_ncrl/AprilTag_Localization/build/CMakeFiles/CMakeTmp/CheckSymbolExists.c
Linking C executable cmTC_f677e
/usr/bin/cmake -E cmake_link_script CMakeFiles/cmTC_f677e.dir/link.txt --verbose=1
/usr/bin/cc      -rdynamic CMakeFiles/cmTC_f677e.dir/CheckSymbolExists.c.o  -o cmTC_f677e 
CMakeFiles/cmTC_f677e.dir/CheckSymbolExists.c.o: In function `main':
CheckSymbolExists.c:(.text+0x1b): undefined reference to `pthread_create'
collect2: error: ld returned 1 exit status
CMakeFiles/cmTC_f677e.dir/build.make:97: recipe for target 'cmTC_f677e' failed
make[1]: *** [cmTC_f677e] Error 1
make[1]: Leaving directory '/home/wolf/nycu_ncrl/AprilTag_Localization/build/CMakeFiles/CMakeTmp'
Makefile:126: recipe for target 'cmTC_f677e/fast' failed
make: *** [cmTC_f677e/fast] Error 2

File /home/wolf/nycu_ncrl/AprilTag_Localization/build/CMakeFiles/CMakeTmp/CheckSymbolExists.c:
/* */
#include <pthread.h>

int main(int argc, char** argv)
{
  (void)argv;
#ifndef pthread_create
  return ((int*)(&pthread_create))[argc];
#else
  (void)argc;
  return 0;
#endif
}

Determining if the function pthread_create exists in the pthreads failed with the following output:
Change Dir: /home/wolf/nycu_ncrl/AprilTag_Localization/build/CMakeFiles/CMakeTmp

Run Build Command:"/usr/bin/make" "cmTC_2ea7f/fast"
/usr/bin/make -f CMakeFiles/cmTC_2ea7f.dir/build.make CMakeFiles/cmTC_2ea7f.dir/build
make[1]: Entering directory '/home/wolf/nycu_ncrl/AprilTag_Localization/build/CMakeFiles/CMakeTmp'
Building C object CMakeFiles/cmTC_2ea7f.dir/CheckFunctionExists.c.o
/usr/bin/cc   -DCHECK_FUNCTION_EXISTS=pthread_create   -o CMakeFiles/cmTC_2ea7f.dir/CheckFunctionExists.c.o   -c /usr/share/cmake-3.10/Modules/CheckFunctionExists.c
Linking C executable cmTC_2ea7f
/usr/bin/cmake -E cmake_link_script CMakeFiles/cmTC_2ea7f.dir/link.txt --verbose=1
/usr/bin/cc  -DCHECK_FUNCTION_EXISTS=pthread_create    -rdynamic CMakeFiles/cmTC_2ea7f.dir/CheckFunctionExists.c.o  -o cmTC_2ea7f -lpthreads 
/usr/bin/ld: cannot find -lpthreads
collect2: error: ld returned 1 exit status
CMakeFiles/cmTC_2ea7f.dir/build.make:97: recipe for target 'cmTC_2ea7f' failed
make[1]: *** [cmTC_2ea7f] Error 1
make[1]: Leaving directory '/home/wolf/nycu_ncrl/AprilTag_Localization/build/CMakeFiles/CMakeTmp'
Makefile:126: recipe for target 'cmTC_2ea7f/fast' failed
make: *** [cmTC_2ea7f/fast] Error 2


